<?xml version="1.0" encoding="UTF-8"?>
<testsuite name="com.AtxHappyHour.AtxHappyHourApplicationTests" tests="1" skipped="0" failures="0" errors="0" timestamp="2023-12-01T22:35:26" hostname="JOHNSPC" time="0.611">
  <properties/>
  <testcase name="contextLoads()" classname="com.AtxHappyHour.AtxHappyHourApplicationTests" time="0.611"/>
  <system-out><![CDATA[Standard Commons Logging discovery in action with spring-jcl: please remove commons-logging.jar from classpath in order to avoid potential conflicts
16:35:25.151 [Test worker] INFO org.springframework.test.context.support.AnnotationConfigContextLoaderUtils -- Could not detect default configuration classes for test class [com.AtxHappyHour.AtxHappyHourApplicationTests]: AtxHappyHourApplicationTests does not declare any static, non-private, non-final, nested classes annotated with @Configuration.
16:35:25.238 [Test worker] INFO org.springframework.boot.test.context.SpringBootTestContextBootstrapper -- Found @SpringBootConfiguration com.AtxHappyHour.AtxHappyHourApplication for test class com.AtxHappyHour.AtxHappyHourApplicationTests

  .   ____          _            __ _ _
 /\\ / ___'_ __ _ _(_)_ __  __ _ \ \ \ \
( ( )\___ | '_ | '_| | '_ \/ _` | \ \ \ \
 \\/  ___)| |_)| | | | | || (_| |  ) ) ) )
  '  |____| .__|_| |_|_| |_\__, | / / / /
 =========|_|==============|___/=/_/_/_/
 :: Spring Boot ::                (v3.2.0)

2023-12-01T16:35:25.571-06:00  INFO 18348 --- [    Test worker] c.A.AtxHappyHourApplicationTests         : Starting AtxHappyHourApplicationTests using Java 17.0.8 with PID 18348 (started by johnw in C:\Users\johnw\AtxHappyHour)
2023-12-01T16:35:25.572-06:00  INFO 18348 --- [    Test worker] c.A.AtxHappyHourApplicationTests         : No active profile set, falling back to 1 default profile: "default"
2023-12-01T16:35:26.559-06:00  INFO 18348 --- [    Test worker] c.A.AtxHappyHourApplicationTests         : Started AtxHappyHourApplicationTests in 1.168 seconds (process running for 2.167)
]]></system-out>
  <system-err><![CDATA[]]></system-err>
</testsuite>
